-------------------------------------------------------------------------------
Test set: Runner.Runner
-------------------------------------------------------------------------------
Tests run: 2, Failures: 0, Errors: 2, Skipped: 0, Time elapsed: 13.912 sec <<< FAILURE! - in Runner.Runner
Verification of Reset button(Functionality on login page of Application)  Time elapsed: 8.028 sec  <<< ERROR!
io.cucumber.junit.UndefinedStepException: The step 'Enter the Username and Password' is undefined.
You can implement this step using the snippet(s) below:

@When("Enter the Username and Password")
public void enter_the_username_and_password() {
    // Write code here that turns the phrase above into concrete actions
    throw new io.cucumber.java.PendingException();
}
When("Enter the Username and Password", () -> {
    // Write code here that turns the phrase above into concrete actions
    throw new io.cucumber.java8.PendingException();
});


Verification Of Submit button(Functionality on login page of Application)  Time elapsed: 5.866 sec  <<< ERROR!
io.cucumber.junit.UndefinedStepException: The step 'Enter the Username and Password' is undefined.
You can implement this step using the snippet(s) below:

@When("Enter the Username and Password")
public void enter_the_username_and_password() {
    // Write code here that turns the phrase above into concrete actions
    throw new io.cucumber.java.PendingException();
}
When("Enter the Username and Password", () -> {
    // Write code here that turns the phrase above into concrete actions
    throw new io.cucumber.java8.PendingException();
});


