<?xml version="1.0" encoding="UTF-8"?>
<testsuite name="Runner.Runner" time="15.466" tests="3" errors="3" skipped="0" failures="0">
  <properties>
[...]
</properties>
  <testcase name="Verification of Reset button" classname="Functionality on login page of Application" time="9.863">
    <error message="unknown error: net::ERR_INTERNET_DISCONNECTED&#10;  (Session info: chrome=90.0.4430.93)&#10;Build info: version: &apos;3.141.59&apos;, revision: &apos;e82be7d358&apos;, time: &apos;2018-11-14T08:17:03&apos;&#10;System info: host: &apos;shreyass-MacBook-Air.local&apos;, ip: &apos;fe80:0:0:0:1c00:f1ff:fe02:5e81%4&apos;, os.name: &apos;Mac OS X&apos;, os.arch: &apos;aarch64&apos;, os.version: &apos;11.2.2&apos;, java.version: &apos;16&apos;&#10;Driver info: org.openqa.selenium.chrome.ChromeDriver&#10;Capabilities {acceptInsecureCerts: false, browserName: chrome, browserVersion: 90.0.4430.93, chrome: {chromedriverVersion: 90.0.4430.24 (4c6d850f087da..., userDataDir: /var/folders/7v/lvzqjczx2xn...}, goog:chromeOptions: {debuggerAddress: localhost:64513}, javascriptEnabled: true, networkConnectionEnabled: false, pageLoadStrategy: normal, platform: MAC, platformName: MAC, proxy: Proxy(), setWindowRect: true, strictFileInteractability: false, timeouts: {implicit: 0, pageLoad: 300000, script: 30000}, unhandledPromptBehavior: dismiss and notify, webauthn:extension:largeBlob: true, webauthn:virtualAuthenticators: true}&#10;Session ID: fd4eca65a807565d1d14012a3b2db272" type="org.openqa.selenium.WebDriverException">org.openqa.selenium.WebDriverException: unknown error: net::ERR_INTERNET_DISCONNECTED
  (Session info: chrome=90.0.4430.93)
Build info: version: '3.141.59', revision: 'e82be7d358', time: '2018-11-14T08:17:03'
System info: host: 'shreyass-MacBook-Air.local', ip: 'fe80:0:0:0:1c00:f1ff:fe02:5e81%4', os.name: 'Mac OS X', os.arch: 'aarch64', os.version: '11.2.2', java.version: '16'
Driver info: org.openqa.selenium.chrome.ChromeDriver
Capabilities {acceptInsecureCerts: false, browserName: chrome, browserVersion: 90.0.4430.93, chrome: {chromedriverVersion: 90.0.4430.24 (4c6d850f087da..., userDataDir: /var/folders/7v/lvzqjczx2xn...}, goog:chromeOptions: {debuggerAddress: localhost:64513}, javascriptEnabled: true, networkConnectionEnabled: false, pageLoadStrategy: normal, platform: MAC, platformName: MAC, proxy: Proxy(), setWindowRect: true, strictFileInteractability: false, timeouts: {implicit: 0, pageLoad: 300000, script: 30000}, unhandledPromptBehavior: dismiss and notify, webauthn:extension:largeBlob: true, webauthn:virtualAuthenticators: true}
Session ID: fd4eca65a807565d1d14012a3b2db272
	at java.base/jdk.internal.reflect.NativeConstructorAccessorImpl.newInstance0(Native Method)
	at java.base/jdk.internal.reflect.NativeConstructorAccessorImpl.newInstance(NativeConstructorAccessorImpl.java:64)
	at java.base/jdk.internal.reflect.DelegatingConstructorAccessorImpl.newInstance(DelegatingConstructorAccessorImpl.java:45)
	at java.base/java.lang.reflect.Constructor.newInstanceWithCaller(Constructor.java:499)
	at java.base/java.lang.reflect.Constructor.newInstance(Constructor.java:480)
	at org.openqa.selenium.remote.http.W3CHttpResponseCodec.createException(W3CHttpResponseCodec.java:187)
	at org.openqa.selenium.remote.http.W3CHttpResponseCodec.decode(W3CHttpResponseCodec.java:122)
	at org.openqa.selenium.remote.http.W3CHttpResponseCodec.decode(W3CHttpResponseCodec.java:49)
	at org.openqa.selenium.remote.HttpCommandExecutor.execute(HttpCommandExecutor.java:158)
	at org.openqa.selenium.remote.service.DriverCommandExecutor.execute(DriverCommandExecutor.java:83)
	at org.openqa.selenium.remote.RemoteWebDriver.execute(RemoteWebDriver.java:552)
	at org.openqa.selenium.remote.RemoteWebDriver.get(RemoteWebDriver.java:277)
	at StepDefination.Steps.open_the_Firefox_and_launch_the_application(Steps.java:33)
	at ✽.Open the Chrome and launch the application(file:///Users/shreyassambare/Cucumber_FrameWork_Learning/FeatureFile/MyTest.feature:52)
</error>
    <system-out><![CDATA[
@SmokeTest
Scenario: Verification of Reset button             # FeatureFile/MyTest.feature:55
  Given Open the Chrome and launch the application # StepDefination.Steps.open_the_Firefox_and_launch_the_application()
      org.openqa.selenium.WebDriverException: unknown error: net::ERR_INTERNET_DISCONNECTED
  (Session info: chrome=90.0.4430.93)
Build info: version: '3.141.59', revision: 'e82be7d358', time: '2018-11-14T08:17:03'
System info: host: 'shreyass-MacBook-Air.local', ip: 'fe80:0:0:0:1c00:f1ff:fe02:5e81%4', os.name: 'Mac OS X', os.arch: 'aarch64', os.version: '11.2.2', java.version: '16'
Driver info: org.openqa.selenium.chrome.ChromeDriver
Capabilities {acceptInsecureCerts: false, browserName: chrome, browserVersion: 90.0.4430.93, chrome: {chromedriverVersion: 90.0.4430.24 (4c6d850f087da..., userDataDir: /var/folders/7v/lvzqjczx2xn...}, goog:chromeOptions: {debuggerAddress: localhost:64513}, javascriptEnabled: true, networkConnectionEnabled: false, pageLoadStrategy: normal, platform: MAC, platformName: MAC, proxy: Proxy(), setWindowRect: true, strictFileInteractability: false, timeouts: {implicit: 0, pageLoad: 300000, script: 30000}, unhandledPromptBehavior: dismiss and notify, webauthn:extension:largeBlob: true, webauthn:virtualAuthenticators: true}
Session ID: fd4eca65a807565d1d14012a3b2db272
	at java.base/jdk.internal.reflect.NativeConstructorAccessorImpl.newInstance0(Native Method)
	at java.base/jdk.internal.reflect.NativeConstructorAccessorImpl.newInstance(NativeConstructorAccessorImpl.java:64)
	at java.base/jdk.internal.reflect.DelegatingConstructorAccessorImpl.newInstance(DelegatingConstructorAccessorImpl.java:45)
	at java.base/java.lang.reflect.Constructor.newInstanceWithCaller(Constructor.java:499)
	at java.base/java.lang.reflect.Constructor.newInstance(Constructor.java:480)
	at org.openqa.selenium.remote.http.W3CHttpResponseCodec.createException(W3CHttpResponseCodec.java:187)
	at org.openqa.selenium.remote.http.W3CHttpResponseCodec.decode(W3CHttpResponseCodec.java:122)
	at org.openqa.selenium.remote.http.W3CHttpResponseCodec.decode(W3CHttpResponseCodec.java:49)
	at org.openqa.selenium.remote.HttpCommandExecutor.execute(HttpCommandExecutor.java:158)
	at org.openqa.selenium.remote.service.DriverCommandExecutor.execute(DriverCommandExecutor.java:83)
	at org.openqa.selenium.remote.RemoteWebDriver.execute(RemoteWebDriver.java:552)
	at org.openqa.selenium.remote.RemoteWebDriver.get(RemoteWebDriver.java:277)
	at StepDefination.Steps.open_the_Firefox_and_launch_the_application(Steps.java:33)
	at ✽.Open the Chrome and launch the application(file:///Users/shreyassambare/Cucumber_FrameWork_Learning/FeatureFile/MyTest.feature:52)

  When Enter the Username and Password             # StepDefination.Steps.enter_the_UsernameandPassword()
  Then Reset the credential                        # StepDefination.Steps.Reset_the_credential()
]]></system-out>
    <system-err><![CDATA[Starting ChromeDriver 90.0.4430.24 (4c6d850f087da467d926e8eddb76550aed655991-refs/branch-heads/4430@{#429}) on port 18721
Only local connections are allowed.
Please see https://chromedriver.chromium.org/security-considerations for suggestions on keeping ChromeDriver safe.
ChromeDriver was started successfully.
[1620831350.748][WARNING]: Deprecated chrome option is ignored: useAutomationExtension
[1620831350.749][WARNING]: Deprecated chrome option is ignored: useAutomationExtension
May 12, 2021 8:25:54 PM org.openqa.selenium.remote.ProtocolHandshake createSession
INFO: Detected dialect: W3C
]]></system-err>
  </testcase>
  <testcase name="Verification Of Submit button" classname="Functionality on login page of Application" time="3.159">
    <error message="unknown error: net::ERR_INTERNET_DISCONNECTED&#10;  (Session info: chrome=90.0.4430.93)&#10;Build info: version: &apos;3.141.59&apos;, revision: &apos;e82be7d358&apos;, time: &apos;2018-11-14T08:17:03&apos;&#10;System info: host: &apos;shreyass-MacBook-Air.local&apos;, ip: &apos;fe80:0:0:0:1c00:f1ff:fe02:5e81%4&apos;, os.name: &apos;Mac OS X&apos;, os.arch: &apos;aarch64&apos;, os.version: &apos;11.2.2&apos;, java.version: &apos;16&apos;&#10;Driver info: org.openqa.selenium.chrome.ChromeDriver&#10;Capabilities {acceptInsecureCerts: false, browserName: chrome, browserVersion: 90.0.4430.93, chrome: {chromedriverVersion: 90.0.4430.24 (4c6d850f087da..., userDataDir: /var/folders/7v/lvzqjczx2xn...}, goog:chromeOptions: {debuggerAddress: localhost:64558}, javascriptEnabled: true, networkConnectionEnabled: false, pageLoadStrategy: normal, platform: MAC, platformName: MAC, proxy: Proxy(), setWindowRect: true, strictFileInteractability: false, timeouts: {implicit: 0, pageLoad: 300000, script: 30000}, unhandledPromptBehavior: dismiss and notify, webauthn:extension:largeBlob: true, webauthn:virtualAuthenticators: true}&#10;Session ID: 7267458aa96e4f5fd0c4f0223c12181e" type="org.openqa.selenium.WebDriverException">org.openqa.selenium.WebDriverException: unknown error: net::ERR_INTERNET_DISCONNECTED
  (Session info: chrome=90.0.4430.93)
Build info: version: '3.141.59', revision: 'e82be7d358', time: '2018-11-14T08:17:03'
System info: host: 'shreyass-MacBook-Air.local', ip: 'fe80:0:0:0:1c00:f1ff:fe02:5e81%4', os.name: 'Mac OS X', os.arch: 'aarch64', os.version: '11.2.2', java.version: '16'
Driver info: org.openqa.selenium.chrome.ChromeDriver
Capabilities {acceptInsecureCerts: false, browserName: chrome, browserVersion: 90.0.4430.93, chrome: {chromedriverVersion: 90.0.4430.24 (4c6d850f087da..., userDataDir: /var/folders/7v/lvzqjczx2xn...}, goog:chromeOptions: {debuggerAddress: localhost:64558}, javascriptEnabled: true, networkConnectionEnabled: false, pageLoadStrategy: normal, platform: MAC, platformName: MAC, proxy: Proxy(), setWindowRect: true, strictFileInteractability: false, timeouts: {implicit: 0, pageLoad: 300000, script: 30000}, unhandledPromptBehavior: dismiss and notify, webauthn:extension:largeBlob: true, webauthn:virtualAuthenticators: true}
Session ID: 7267458aa96e4f5fd0c4f0223c12181e
	at java.base/jdk.internal.reflect.NativeConstructorAccessorImpl.newInstance0(Native Method)
	at java.base/jdk.internal.reflect.NativeConstructorAccessorImpl.newInstance(NativeConstructorAccessorImpl.java:64)
	at java.base/jdk.internal.reflect.DelegatingConstructorAccessorImpl.newInstance(DelegatingConstructorAccessorImpl.java:45)
	at java.base/java.lang.reflect.Constructor.newInstanceWithCaller(Constructor.java:499)
	at java.base/java.lang.reflect.Constructor.newInstance(Constructor.java:480)
	at org.openqa.selenium.remote.http.W3CHttpResponseCodec.createException(W3CHttpResponseCodec.java:187)
	at org.openqa.selenium.remote.http.W3CHttpResponseCodec.decode(W3CHttpResponseCodec.java:122)
	at org.openqa.selenium.remote.http.W3CHttpResponseCodec.decode(W3CHttpResponseCodec.java:49)
	at org.openqa.selenium.remote.HttpCommandExecutor.execute(HttpCommandExecutor.java:158)
	at org.openqa.selenium.remote.service.DriverCommandExecutor.execute(DriverCommandExecutor.java:83)
	at org.openqa.selenium.remote.RemoteWebDriver.execute(RemoteWebDriver.java:552)
	at org.openqa.selenium.remote.RemoteWebDriver.get(RemoteWebDriver.java:277)
	at StepDefination.Steps.open_the_Firefox_and_launch_the_application(Steps.java:33)
	at ✽.Open the Chrome and launch the application(file:///Users/shreyassambare/Cucumber_FrameWork_Learning/FeatureFile/MyTest.feature:52)
</error>
    <system-out><![CDATA[
@SmokeTest
Scenario: Verification Of Submit button               # FeatureFile/MyTest.feature:60
  Given Open the Chrome and launch the application    # StepDefination.Steps.open_the_Firefox_and_launch_the_application()
      org.openqa.selenium.WebDriverException: unknown error: net::ERR_INTERNET_DISCONNECTED
  (Session info: chrome=90.0.4430.93)
Build info: version: '3.141.59', revision: 'e82be7d358', time: '2018-11-14T08:17:03'
System info: host: 'shreyass-MacBook-Air.local', ip: 'fe80:0:0:0:1c00:f1ff:fe02:5e81%4', os.name: 'Mac OS X', os.arch: 'aarch64', os.version: '11.2.2', java.version: '16'
Driver info: org.openqa.selenium.chrome.ChromeDriver
Capabilities {acceptInsecureCerts: false, browserName: chrome, browserVersion: 90.0.4430.93, chrome: {chromedriverVersion: 90.0.4430.24 (4c6d850f087da..., userDataDir: /var/folders/7v/lvzqjczx2xn...}, goog:chromeOptions: {debuggerAddress: localhost:64558}, javascriptEnabled: true, networkConnectionEnabled: false, pageLoadStrategy: normal, platform: MAC, platformName: MAC, proxy: Proxy(), setWindowRect: true, strictFileInteractability: false, timeouts: {implicit: 0, pageLoad: 300000, script: 30000}, unhandledPromptBehavior: dismiss and notify, webauthn:extension:largeBlob: true, webauthn:virtualAuthenticators: true}
Session ID: 7267458aa96e4f5fd0c4f0223c12181e
	at java.base/jdk.internal.reflect.NativeConstructorAccessorImpl.newInstance0(Native Method)
	at java.base/jdk.internal.reflect.NativeConstructorAccessorImpl.newInstance(NativeConstructorAccessorImpl.java:64)
	at java.base/jdk.internal.reflect.DelegatingConstructorAccessorImpl.newInstance(DelegatingConstructorAccessorImpl.java:45)
	at java.base/java.lang.reflect.Constructor.newInstanceWithCaller(Constructor.java:499)
	at java.base/java.lang.reflect.Constructor.newInstance(Constructor.java:480)
	at org.openqa.selenium.remote.http.W3CHttpResponseCodec.createException(W3CHttpResponseCodec.java:187)
	at org.openqa.selenium.remote.http.W3CHttpResponseCodec.decode(W3CHttpResponseCodec.java:122)
	at org.openqa.selenium.remote.http.W3CHttpResponseCodec.decode(W3CHttpResponseCodec.java:49)
	at org.openqa.selenium.remote.HttpCommandExecutor.execute(HttpCommandExecutor.java:158)
	at org.openqa.selenium.remote.service.DriverCommandExecutor.execute(DriverCommandExecutor.java:83)
	at org.openqa.selenium.remote.RemoteWebDriver.execute(RemoteWebDriver.java:552)
	at org.openqa.selenium.remote.RemoteWebDriver.get(RemoteWebDriver.java:277)
	at StepDefination.Steps.open_the_Firefox_and_launch_the_application(Steps.java:33)
	at ✽.Open the Chrome and launch the application(file:///Users/shreyassambare/Cucumber_FrameWork_Learning/FeatureFile/MyTest.feature:52)

  When Enter the Username and Password                # StepDefination.Steps.enter_the_UsernameandPassword()
  Then User should see the correct title of Home Page # StepDefination.Steps.Submit_the_credential()
]]></system-out>
    <system-err><![CDATA[Starting ChromeDriver 90.0.4430.24 (4c6d850f087da467d926e8eddb76550aed655991-refs/branch-heads/4430@{#429}) on port 11215
Only local connections are allowed.
Please see https://chromedriver.chromium.org/security-considerations for suggestions on keeping ChromeDriver safe.
ChromeDriver was started successfully.
[1620831360.273][WARNING]: Deprecated chrome option is ignored: useAutomationExtension
[1620831360.273][WARNING]: Deprecated chrome option is ignored: useAutomationExtension
May 12, 2021 8:26:02 PM org.openqa.selenium.remote.ProtocolHandshake createSession
INFO: Detected dialect: W3C
]]></system-err>
  </testcase>
  <testcase name="Login with Invalid Credentials" classname="Functionality on login page of Application" time="2.444">
    <error message="unknown error: net::ERR_INTERNET_DISCONNECTED&#10;  (Session info: chrome=90.0.4430.93)&#10;Build info: version: &apos;3.141.59&apos;, revision: &apos;e82be7d358&apos;, time: &apos;2018-11-14T08:17:03&apos;&#10;System info: host: &apos;shreyass-MacBook-Air.local&apos;, ip: &apos;fe80:0:0:0:1c00:f1ff:fe02:5e81%4&apos;, os.name: &apos;Mac OS X&apos;, os.arch: &apos;aarch64&apos;, os.version: &apos;11.2.2&apos;, java.version: &apos;16&apos;&#10;Driver info: org.openqa.selenium.chrome.ChromeDriver&#10;Capabilities {acceptInsecureCerts: false, browserName: chrome, browserVersion: 90.0.4430.93, chrome: {chromedriverVersion: 90.0.4430.24 (4c6d850f087da..., userDataDir: /var/folders/7v/lvzqjczx2xn...}, goog:chromeOptions: {debuggerAddress: localhost:64575}, javascriptEnabled: true, networkConnectionEnabled: false, pageLoadStrategy: normal, platform: MAC, platformName: MAC, proxy: Proxy(), setWindowRect: true, strictFileInteractability: false, timeouts: {implicit: 0, pageLoad: 300000, script: 30000}, unhandledPromptBehavior: dismiss and notify, webauthn:extension:largeBlob: true, webauthn:virtualAuthenticators: true}&#10;Session ID: df77000638c07db260ac6e04dd78570f" type="org.openqa.selenium.WebDriverException">org.openqa.selenium.WebDriverException: unknown error: net::ERR_INTERNET_DISCONNECTED
  (Session info: chrome=90.0.4430.93)
Build info: version: '3.141.59', revision: 'e82be7d358', time: '2018-11-14T08:17:03'
System info: host: 'shreyass-MacBook-Air.local', ip: 'fe80:0:0:0:1c00:f1ff:fe02:5e81%4', os.name: 'Mac OS X', os.arch: 'aarch64', os.version: '11.2.2', java.version: '16'
Driver info: org.openqa.selenium.chrome.ChromeDriver
Capabilities {acceptInsecureCerts: false, browserName: chrome, browserVersion: 90.0.4430.93, chrome: {chromedriverVersion: 90.0.4430.24 (4c6d850f087da..., userDataDir: /var/folders/7v/lvzqjczx2xn...}, goog:chromeOptions: {debuggerAddress: localhost:64575}, javascriptEnabled: true, networkConnectionEnabled: false, pageLoadStrategy: normal, platform: MAC, platformName: MAC, proxy: Proxy(), setWindowRect: true, strictFileInteractability: false, timeouts: {implicit: 0, pageLoad: 300000, script: 30000}, unhandledPromptBehavior: dismiss and notify, webauthn:extension:largeBlob: true, webauthn:virtualAuthenticators: true}
Session ID: df77000638c07db260ac6e04dd78570f
	at java.base/jdk.internal.reflect.NativeConstructorAccessorImpl.newInstance0(Native Method)
	at java.base/jdk.internal.reflect.NativeConstructorAccessorImpl.newInstance(NativeConstructorAccessorImpl.java:64)
	at java.base/jdk.internal.reflect.DelegatingConstructorAccessorImpl.newInstance(DelegatingConstructorAccessorImpl.java:45)
	at java.base/java.lang.reflect.Constructor.newInstanceWithCaller(Constructor.java:499)
	at java.base/java.lang.reflect.Constructor.newInstance(Constructor.java:480)
	at org.openqa.selenium.remote.http.W3CHttpResponseCodec.createException(W3CHttpResponseCodec.java:187)
	at org.openqa.selenium.remote.http.W3CHttpResponseCodec.decode(W3CHttpResponseCodec.java:122)
	at org.openqa.selenium.remote.http.W3CHttpResponseCodec.decode(W3CHttpResponseCodec.java:49)
	at org.openqa.selenium.remote.HttpCommandExecutor.execute(HttpCommandExecutor.java:158)
	at org.openqa.selenium.remote.service.DriverCommandExecutor.execute(DriverCommandExecutor.java:83)
	at org.openqa.selenium.remote.RemoteWebDriver.execute(RemoteWebDriver.java:552)
	at org.openqa.selenium.remote.RemoteWebDriver.get(RemoteWebDriver.java:277)
	at StepDefination.Steps.open_the_Firefox_and_launch_the_application(Steps.java:33)
	at ✽.Open the Chrome and launch the application(file:///Users/shreyassambare/Cucumber_FrameWork_Learning/FeatureFile/MyTest.feature:52)
</error>
    <system-out><![CDATA[
@SmokeTest @NegativeScenario
Scenario Outline: Login with Invalid Credentials                     # FeatureFile/MyTest.feature:76
  Given Open the Chrome and launch the application                   # StepDefination.Steps.open_the_Firefox_and_launch_the_application()
      org.openqa.selenium.WebDriverException: unknown error: net::ERR_INTERNET_DISCONNECTED
  (Session info: chrome=90.0.4430.93)
Build info: version: '3.141.59', revision: 'e82be7d358', time: '2018-11-14T08:17:03'
System info: host: 'shreyass-MacBook-Air.local', ip: 'fe80:0:0:0:1c00:f1ff:fe02:5e81%4', os.name: 'Mac OS X', os.arch: 'aarch64', os.version: '11.2.2', java.version: '16'
Driver info: org.openqa.selenium.chrome.ChromeDriver
Capabilities {acceptInsecureCerts: false, browserName: chrome, browserVersion: 90.0.4430.93, chrome: {chromedriverVersion: 90.0.4430.24 (4c6d850f087da..., userDataDir: /var/folders/7v/lvzqjczx2xn...}, goog:chromeOptions: {debuggerAddress: localhost:64575}, javascriptEnabled: true, networkConnectionEnabled: false, pageLoadStrategy: normal, platform: MAC, platformName: MAC, proxy: Proxy(), setWindowRect: true, strictFileInteractability: false, timeouts: {implicit: 0, pageLoad: 300000, script: 30000}, unhandledPromptBehavior: dismiss and notify, webauthn:extension:largeBlob: true, webauthn:virtualAuthenticators: true}
Session ID: df77000638c07db260ac6e04dd78570f
	at java.base/jdk.internal.reflect.NativeConstructorAccessorImpl.newInstance0(Native Method)
	at java.base/jdk.internal.reflect.NativeConstructorAccessorImpl.newInstance(NativeConstructorAccessorImpl.java:64)
	at java.base/jdk.internal.reflect.DelegatingConstructorAccessorImpl.newInstance(DelegatingConstructorAccessorImpl.java:45)
	at java.base/java.lang.reflect.Constructor.newInstanceWithCaller(Constructor.java:499)
	at java.base/java.lang.reflect.Constructor.newInstance(Constructor.java:480)
	at org.openqa.selenium.remote.http.W3CHttpResponseCodec.createException(W3CHttpResponseCodec.java:187)
	at org.openqa.selenium.remote.http.W3CHttpResponseCodec.decode(W3CHttpResponseCodec.java:122)
	at org.openqa.selenium.remote.http.W3CHttpResponseCodec.decode(W3CHttpResponseCodec.java:49)
	at org.openqa.selenium.remote.HttpCommandExecutor.execute(HttpCommandExecutor.java:158)
	at org.openqa.selenium.remote.service.DriverCommandExecutor.execute(DriverCommandExecutor.java:83)
	at org.openqa.selenium.remote.RemoteWebDriver.execute(RemoteWebDriver.java:552)
	at org.openqa.selenium.remote.RemoteWebDriver.get(RemoteWebDriver.java:277)
	at StepDefination.Steps.open_the_Firefox_and_launch_the_application(Steps.java:33)
	at ✽.Open the Chrome and launch the application(file:///Users/shreyassambare/Cucumber_FrameWork_Learning/FeatureFile/MyTest.feature:52)

  When User logs in using Username as "Tom" and Password "password1" # StepDefination.Steps.user_logs_in_using_username_as_user1_and_password_password1(java.lang.String,java.lang.String)
  Then error message Alert will be popup                             # StepDefination.Steps.error_message_alert_will_be_popup()
  Then Click on OK button                                            # StepDefination.Steps.click_on_ok_button()
]]></system-out>
    <system-err><![CDATA[Starting ChromeDriver 90.0.4430.24 (4c6d850f087da467d926e8eddb76550aed655991-refs/branch-heads/4430@{#429}) on port 46371
Only local connections are allowed.
Please see https://chromedriver.chromium.org/security-considerations for suggestions on keeping ChromeDriver safe.
ChromeDriver was started successfully.
[1620831363.424][WARNING]: Deprecated chrome option is ignored: useAutomationExtension
[1620831363.425][WARNING]: Deprecated chrome option is ignored: useAutomationExtension
May 12, 2021 8:26:04 PM org.openqa.selenium.remote.ProtocolHandshake createSession
INFO: Detected dialect: W3C
]]></system-err>
  </testcase>
</testsuite>